Build started 19/09/2013 17:48:32.
     1>Project "C:\Users\junkie\Documents\GitHub\racka3\windows\wracka3\wracka3.vcxproj" on node 2 (build target(s)).
     1>InitializeBuildStatus:
         Touching "Debug\wracka3.unsuccessfulbuild".
       ClCompile:
         C:\Program Files\Microsoft Visual Studio 10.0\VC\bin\CL.exe /c /I..\..\externals\portaudio\src\os\win /I..\..\externals\portaudio\include /I..\..\externals\portaudio\src\common /I..\asiosdk2\common /I..\asiosdk2\host /I..\asiosdk2\host\pc /ZI /nologo /W3 /WX- /Od /Oy- /D PA_USE_ASIO=1 /D WIN32 /D _DEBUG /D _CONSOLE /D _MBCS /Gm /EHsc /RTC1 /MDd /GS /fp:precise /Zc:wchar_t /Zc:forScope /Fo"Debug\\" /Fd"Debug\vc100.pdb" /Gd /TC /analyze- /errorReport:prompt ..\..\src\host\plugins\AnalogFilter.C ..\..\src\host\plugins\EffectLFO.C ..\..\src\host\plugins\Filter.C ..\..\src\host\plugins\FilterParams.C ..\..\src\host\plugins\FormantFilter.C ..\..\src\host\plugins\PluginChorus.C ..\..\src\host\plugins\PluginCompressor.C ..\..\src\host\plugins\PluginNoiseGate.C ..\..\src\host\plugins\PluginOpticalTrem.C ..\..\src\host\plugins\PluginRBEcho.C ..\..\src\host\plugins\PluginRing.C ..\..\src\host\plugins\PluginStompBox.C ..\..\src\host\plugins\PluginVibe.C ..\..\src\host\plugins\SVFilter.C ..\..\src\host\plugins\Waveshaper.C ..\..\src\host\plugins\delayline.C
         delayline.C
     1>c:\users\junkie\documents\github\racka3\src\host\plugins\global.h(137): warning C4305: 'initializing' : truncation from 'double' to 'const float'
     1>c:\users\junkie\documents\github\racka3\src\host\plugins\global.h(137): warning C4305: 'initializing' : truncation from 'double' to 'const float'
     1>c:\users\junkie\documents\github\racka3\src\host\plugins\global.h(137): warning C4305: 'initializing' : truncation from 'double' to 'const float'
     1>c:\users\junkie\documents\github\racka3\src\host\plugins\global.h(137): warning C4305: 'initializing' : truncation from 'double' to 'const float'
     1>c:\users\junkie\documents\github\racka3\src\host\plugins\global.h(137): warning C4305: 'initializing' : truncation from 'double' to 'const float'
     1>c:\users\junkie\documents\github\racka3\src\host\plugins\global.h(141): warning C4305: 'initializing' : truncation from 'double' to 'const float'
     1>c:\users\junkie\documents\github\racka3\src\host\plugins\global.h(141): warning C4305: 'initializing' : truncation from 'double' to 'const float'
     1>c:\users\junkie\documents\github\racka3\src\host\plugins\global.h(141): warning C4305: 'initializing' : truncation from 'double' to 'const float'
     1>c:\users\junkie\documents\github\racka3\src\host\plugins\global.h(143): error C2054: expected '(' to follow 'inline'
     1>c:\users\junkie\documents\github\racka3\src\host\plugins\global.h(144): error C2085: 'f_pow2' : not in formal parameter list
     1>c:\users\junkie\documents\github\racka3\src\host\plugins\global.h(144): error C2143: syntax error : missing ';' before '{'
     1>c:\users\junkie\documents\github\racka3\src\host\plugins\delayline.h(29): error C2061: syntax error : identifier 'delayline'
     1>c:\users\junkie\documents\github\racka3\src\host\plugins\delayline.h(29): error C2059: syntax error : ';'
     1>c:\users\junkie\documents\github\racka3\src\host\plugins\delayline.h(30): error C2449: found '{' at file scope (missing function header?)
     1>c:\users\junkie\documents\github\racka3\src\host\plugins\delayline.h(96): error C2059: syntax error : '}'
     1>c:\program files\microsoft visual studio 10.0\vc\include\stdlib.h(769): error C2143: syntax error : missing '{' before '__cdecl'
     1>c:\program files\microsoft visual studio 10.0\vc\include\stdlib.h(769): error C2146: syntax error : missing ')' before identifier '_Func'
     1>c:\program files\microsoft visual studio 10.0\vc\include\stdlib.h(769): error C2061: syntax error : identifier '_Func'
     1>c:\program files\microsoft visual studio 10.0\vc\include\stdlib.h(769): error C2059: syntax error : ';'
     1>c:\program files\microsoft visual studio 10.0\vc\include\stdlib.h(769): error C2059: syntax error : ')'
     1>c:\program files\microsoft visual studio 10.0\vc\include\stdlib.h(873): error C2143: syntax error : missing '{' before '__cdecl'
     1>c:\program files\microsoft visual studio 10.0\vc\include\stdlib.h(873): error C2146: syntax error : missing ')' before identifier '_Func'
     1>c:\program files\microsoft visual studio 10.0\vc\include\stdlib.h(873): error C2061: syntax error : identifier '_Func'
     1>c:\program files\microsoft visual studio 10.0\vc\include\stdlib.h(873): error C2059: syntax error : ';'
     1>c:\program files\microsoft visual studio 10.0\vc\include\stdlib.h(873): error C2059: syntax error : ')'
     1>c:\users\junkie\documents\github\racka3\src\host\plugins\f_sin.h(17): error C2065: 'M_PI' : undeclared identifier
     1>c:\users\junkie\documents\github\racka3\src\host\plugins\f_sin.h(17): error C2099: initializer is not a constant
     1>c:\users\junkie\documents\github\racka3\src\host\plugins\f_sin.h(21): error C2054: expected '(' to follow 'inline'
     1>c:\users\junkie\documents\github\racka3\src\host\plugins\f_sin.h(22): error C2085: 'f_sin' : not in formal parameter list
     1>c:\users\junkie\documents\github\racka3\src\host\plugins\f_sin.h(22): error C2143: syntax error : missing ';' before '{'
     1>c:\users\junkie\documents\github\racka3\src\host\plugins\f_sin.h(47): error C2054: expected '(' to follow 'inline'
     1>c:\users\junkie\documents\github\racka3\src\host\plugins\f_sin.h(48): error C2085: 'f_cos' : not in formal parameter list
     1>c:\users\junkie\documents\github\racka3\src\host\plugins\f_sin.h(48): error C2143: syntax error : missing ';' before '{'
     1>c:\users\junkie\documents\github\racka3\src\host\plugins\delayline.c(22): error C2143: syntax error : missing '{' before ':'
     1>c:\users\junkie\documents\github\racka3\src\host\plugins\delayline.c(22): error C2059: syntax error : ':'
     1>c:\users\junkie\documents\github\racka3\src\host\plugins\delayline.c(54): error C2143: syntax error : missing '{' before ':'
     1>c:\users\junkie\documents\github\racka3\src\host\plugins\delayline.c(54): error C2059: syntax error : ':'
     1>c:\users\junkie\documents\github\racka3\src\host\plugins\delayline.c(60): error C2143: syntax error : missing '{' before ':'
     1>c:\users\junkie\documents\github\racka3\src\host\plugins\delayline.c(60): error C2059: syntax error : ':'
     1>c:\users\junkie\documents\github\racka3\src\host\plugins\delayline.c(96): error C2143: syntax error : missing '{' before ':'
     1>c:\users\junkie\documents\github\racka3\src\host\plugins\delayline.c(96): error C2059: syntax error : ':'
     1>c:\users\junkie\documents\github\racka3\src\host\plugins\delayline.c(200): error C2143: syntax error : missing '{' before ':'
     1>c:\users\junkie\documents\github\racka3\src\host\plugins\delayline.c(200): error C2059: syntax error : ':'
     1>c:\users\junkie\documents\github\racka3\src\host\plugins\delayline.c(300): error C2054: expected '(' to follow 'inline'
     1>c:\users\junkie\documents\github\racka3\src\host\plugins\delayline.c(300): error C2085: 'delayline' : not in formal parameter list
     1>c:\users\junkie\documents\github\racka3\src\host\plugins\delayline.c(300): error C2143: syntax error : missing ';' before ':'
     1>c:\users\junkie\documents\github\racka3\src\host\plugins\delayline.c(317): error C2054: expected '(' to follow 'inline'
     1>c:\users\junkie\documents\github\racka3\src\host\plugins\delayline.c(317): error C2085: 'delayline' : not in formal parameter list
     1>c:\users\junkie\documents\github\racka3\src\host\plugins\delayline.c(317): error C2143: syntax error : missing ';' before ':'
     1>c:\users\junkie\documents\github\racka3\src\host\plugins\delayline.c(350): error C2054: expected '(' to follow 'inline'
     1>c:\users\junkie\documents\github\racka3\src\host\plugins\delayline.c(350): error C2085: 'delayline' : not in formal parameter list
     1>c:\users\junkie\documents\github\racka3\src\host\plugins\delayline.c(350): error C2143: syntax error : missing ';' before ':'
     1>c:\users\junkie\documents\github\racka3\src\host\plugins\delayline.c(370): error C2054: expected '(' to follow 'inline'
     1>c:\users\junkie\documents\github\racka3\src\host\plugins\delayline.c(370): error C2085: 'delayline' : not in formal parameter list
     1>c:\users\junkie\documents\github\racka3\src\host\plugins\delayline.c(370): error C2143: syntax error : missing ';' before ':'
     1>c:\users\junkie\documents\github\racka3\src\host\plugins\delayline.c(385): error C2143: syntax error : missing '{' before ':'
     1>c:\users\junkie\documents\github\racka3\src\host\plugins\delayline.c(385): error C2059: syntax error : ':'
     1>c:\users\junkie\documents\github\racka3\src\host\plugins\delayline.c(394): error C2143: syntax error : missing '{' before ':'
     1>c:\users\junkie\documents\github\racka3\src\host\plugins\delayline.c(394): error C2059: syntax error : ':'
     1>c:\users\junkie\documents\github\racka3\src\host\plugins\delayline.c(401): error C2143: syntax error : missing '{' before ':'
     1>c:\users\junkie\documents\github\racka3\src\host\plugins\delayline.c(401): error C2059: syntax error : ':'
         Waveshaper.C
     1>c:\users\junkie\documents\github\racka3\src\host\plugins\global.h(137): warning C4305: 'initializing' : truncation from 'double' to 'const float'
     1>c:\users\junkie\documents\github\racka3\src\host\plugins\global.h(137): warning C4305: 'initializing' : truncation from 'double' to 'const float'
     1>c:\users\junkie\documents\github\racka3\src\host\plugins\global.h(137): warning C4305: 'initializing' : truncation from 'double' to 'const float'
     1>c:\users\junkie\documents\github\racka3\src\host\plugins\global.h(137): warning C4305: 'initializing' : truncation from 'double' to 'const float'
     1>c:\users\junkie\documents\github\racka3\src\host\plugins\global.h(137): warning C4305: 'initializing' : truncation from 'double' to 'const float'
     1>c:\users\junkie\documents\github\racka3\src\host\plugins\global.h(141): warning C4305: 'initializing' : truncation from 'double' to 'const float'
     1>c:\users\junkie\documents\github\racka3\src\host\plugins\global.h(141): warning C4305: 'initializing' : truncation from 'double' to 'const float'
     1>c:\users\junkie\documents\github\racka3\src\host\plugins\global.h(141): warning C4305: 'initializing' : truncation from 'double' to 'const float'
     1>c:\users\junkie\documents\github\racka3\src\host\plugins\global.h(143): error C2054: expected '(' to follow 'inline'
     1>c:\users\junkie\documents\github\racka3\src\host\plugins\global.h(144): error C2085: 'f_pow2' : not in formal parameter list
     1>c:\users\junkie\documents\github\racka3\src\host\plugins\global.h(144): error C2143: syntax error : missing ';' before '{'
     1>c:\users\junkie\documents\github\racka3\src\host\plugins\waveshaper.h(30): error C2061: syntax error : identifier 'Waveshaper'
     1>c:\users\junkie\documents\github\racka3\src\host\plugins\waveshaper.h(30): error C2059: syntax error : ';'
     1>c:\users\junkie\documents\github\racka3\src\host\plugins\waveshaper.h(31): error C2449: found '{' at file scope (missing function header?)
     1>c:\users\junkie\documents\github\racka3\src\host\plugins\waveshaper.h(62): error C2059: syntax error : '}'
     1>c:\users\junkie\documents\github\racka3\src\host\plugins\f_sin.h(21): error C2054: expected '(' to follow 'inline'
     1>c:\users\junkie\documents\github\racka3\src\host\plugins\f_sin.h(22): error C2085: 'f_sin' : not in formal parameter list
     1>c:\users\junkie\documents\github\racka3\src\host\plugins\f_sin.h(22): error C2143: syntax error : missing ';' before '{'
     1>c:\users\junkie\documents\github\racka3\src\host\plugins\f_sin.h(47): error C2054: expected '(' to follow 'inline'
     1>c:\users\junkie\documents\github\racka3\src\host\plugins\f_sin.h(48): error C2085: 'f_cos' : not in formal parameter list
     1>c:\users\junkie\documents\github\racka3\src\host\plugins\f_sin.h(48): error C2143: syntax error : missing ';' before '{'
     1>c:\users\junkie\documents\github\racka3\src\host\plugins\waveshaper.c(37): error C2143: syntax error : missing '{' before ':'
     1>c:\users\junkie\documents\github\racka3\src\host\plugins\waveshaper.c(37): error C2059: syntax error : ':'
     1>c:\users\junkie\documents\github\racka3\src\host\plugins\waveshaper.c(102): error C2143: syntax error : missing '{' before ':'
     1>c:\users\junkie\documents\github\racka3\src\host\plugins\waveshaper.c(102): error C2059: syntax error : ':'
     1>c:\users\junkie\documents\github\racka3\src\host\plugins\waveshaper.c(105): error C2143: syntax error : missing '{' before ':'
     1>c:\users\junkie\documents\github\racka3\src\host\plugins\waveshaper.c(105): error C2059: syntax error : ':'
     1>c:\users\junkie\documents\github\racka3\src\host\plugins\waveshaper.c(117): error C2143: syntax error : missing '{' before ':'
     1>c:\users\junkie\documents\github\racka3\src\host\plugins\waveshaper.c(117): error C2059: syntax error : ':'
         SVFilter.C
     1>c:\users\junkie\documents\github\racka3\src\host\plugins\global.h(137): warning C4305: 'initializing' : truncation from 'double' to 'const float'
     1>c:\users\junkie\documents\github\racka3\src\host\plugins\global.h(137): warning C4305: 'initializing' : truncation from 'double' to 'const float'
     1>c:\users\junkie\documents\github\racka3\src\host\plugins\global.h(137): warning C4305: 'initializing' : truncation from 'double' to 'const float'
     1>c:\users\junkie\documents\github\racka3\src\host\plugins\global.h(137): warning C4305: 'initializing' : truncation from 'double' to 'const float'
     1>c:\users\junkie\documents\github\racka3\src\host\plugins\global.h(137): warning C4305: 'initializing' : truncation from 'double' to 'const float'
     1>c:\users\junkie\documents\github\racka3\src\host\plugins\global.h(141): warning C4305: 'initializing' : truncation from 'double' to 'const float'
     1>c:\users\junkie\documents\github\racka3\src\host\plugins\global.h(141): warning C4305: 'initializing' : truncation from 'double' to 'const float'
     1>c:\users\junkie\documents\github\racka3\src\host\plugins\global.h(141): warning C4305: 'initializing' : truncation from 'double' to 'const float'
     1>c:\users\junkie\documents\github\racka3\src\host\plugins\global.h(143): error C2054: expected '(' to follow 'inline'
     1>c:\users\junkie\documents\github\racka3\src\host\plugins\global.h(144): error C2085: 'f_pow2' : not in formal parameter list
     1>c:\users\junkie\documents\github\racka3\src\host\plugins\global.h(144): error C2143: syntax error : missing ';' before '{'
     1>c:\users\junkie\documents\github\racka3\src\host\plugins\filter_.h(32): error C2061: syntax error : identifier 'Filter_'
     1>c:\users\junkie\documents\github\racka3\src\host\plugins\filter_.h(32): error C2059: syntax error : ';'
     1>c:\users\junkie\documents\github\racka3\src\host\plugins\filter_.h(33): error C2449: found '{' at file scope (missing function header?)
     1>c:\users\junkie\documents\github\racka3\src\host\plugins\filter_.h(43): error C2059: syntax error : '}'
     1>c:\users\junkie\documents\github\racka3\src\host\plugins\svfilter.c(29): error C2143: syntax error : missing '{' before ':'
     1>c:\users\junkie\documents\github\racka3\src\host\plugins\svfilter.c(29): error C2059: syntax error : ':'
     1>c:\users\junkie\documents\github\racka3\src\host\plugins\svfilter.c(46): error C2143: syntax error : missing '{' before ':'
     1>c:\users\junkie\documents\github\racka3\src\host\plugins\svfilter.c(46): error C2059: syntax error : ':'
     1>c:\users\junkie\documents\github\racka3\src\host\plugins\svfilter.c(51): error C2143: syntax error : missing '{' before ':'
     1>c:\users\junkie\documents\github\racka3\src\host\plugins\svfilter.c(51): error C2059: syntax error : ':'
     1>c:\users\junkie\documents\github\racka3\src\host\plugins\svfilter.c(64): error C2143: syntax error : missing '{' before ':'
     1>c:\users\junkie\documents\github\racka3\src\host\plugins\svfilter.c(64): error C2059: syntax error : ':'
     1>c:\users\junkie\documents\github\racka3\src\host\plugins\svfilter.c(76): error C2143: syntax error : missing '{' before ':'
     1>c:\users\junkie\documents\github\racka3\src\host\plugins\svfilter.c(76): error C2059: syntax error : ':'
     1>c:\users\junkie\documents\github\racka3\src\host\plugins\svfilter.c(103): error C2143: syntax error : missing '{' before ':'
     1>c:\users\junkie\documents\github\racka3\src\host\plugins\svfilter.c(103): error C2059: syntax error : ':'
     1>c:\users\junkie\documents\github\racka3\src\host\plugins\svfilter.c(110): error C2143: syntax error : missing '{' before ':'
     1>c:\users\junkie\documents\github\racka3\src\host\plugins\svfilter.c(110): error C2059: syntax error : ':'
     1>c:\users\junkie\documents\github\racka3\src\host\plugins\svfilter.c(117): error C2143: syntax error : missing '{' before ':'
     1>c:\users\junkie\documents\github\racka3\src\host\plugins\svfilter.c(117): error C2059: syntax error : ':'
     1>c:\users\junkie\documents\github\racka3\src\host\plugins\svfilter.c(124): error C2143: syntax error : missing '{' before ':'
     1>c:\users\junkie\documents\github\racka3\src\host\plugins\svfilter.c(124): error C2059: syntax error : ':'
     1>c:\users\junkie\documents\github\racka3\src\host\plugins\svfilter.c(131): error C2143: syntax error : missing '{' before ':'
     1>c:\users\junkie\documents\github\racka3\src\host\plugins\svfilter.c(131): error C2059: syntax error : ':'
     1>c:\users\junkie\documents\github\racka3\src\host\plugins\svfilter.c(141): error C2143: syntax error : missing '{' before ':'
     1>c:\users\junkie\documents\github\racka3\src\host\plugins\svfilter.c(141): error C2059: syntax error : ':'
     1>c:\users\junkie\documents\github\racka3\src\host\plugins\svfilter.c(171): error C2143: syntax error : missing '{' before ':'
     1>c:\users\junkie\documents\github\racka3\src\host\plugins\svfilter.c(171): error C2059: syntax error : ':'
         PluginVibe.C
     1>c:\users\junkie\documents\github\racka3\src\host\plugins\global.h(137): warning C4305: 'initializing' : truncation from 'double' to 'const float'
     1>c:\users\junkie\documents\github\racka3\src\host\plugins\global.h(137): warning C4305: 'initializing' : truncation from 'double' to 'const float'
     1>c:\users\junkie\documents\github\racka3\src\host\plugins\global.h(137): warning C4305: 'initializing' : truncation from 'double' to 'const float'
     1>c:\users\junkie\documents\github\racka3\src\host\plugins\global.h(137): warning C4305: 'initializing' : truncation from 'double' to 'const float'
     1>c:\users\junkie\documents\github\racka3\src\host\plugins\global.h(137): warning C4305: 'initializing' : truncation from 'double' to 'const float'
     1>c:\users\junkie\documents\github\racka3\src\host\plugins\global.h(141): warning C4305: 'initializing' : truncation from 'double' to 'const float'
     1>c:\users\junkie\documents\github\racka3\src\host\plugins\global.h(141): warning C4305: 'initializing' : truncation from 'double' to 'const float'
     1>c:\users\junkie\documents\github\racka3\src\host\plugins\global.h(141): warning C4305: 'initializing' : truncation from 'double' to 'const float'
     1>c:\users\junkie\documents\github\racka3\src\host\plugins\global.h(143): error C2054: expected '(' to follow 'inline'
     1>c:\users\junkie\documents\github\racka3\src\host\plugins\global.h(144): error C2085: 'f_pow2' : not in formal parameter list
     1>c:\users\junkie\documents\github\racka3\src\host\plugins\global.h(144): error C2143: syntax error : missing ';' before '{'
     1>c:\users\junkie\documents\github\racka3\src\host\plugins\effectlfo.h(31): error C2061: syntax error : identifier 'EffectLFO'
     1>c:\users\junkie\documents\github\racka3\src\host\plugins\effectlfo.h(31): error C2059: syntax error : ';'
     1>c:\users\junkie\documents\github\racka3\src\host\plugins\effectlfo.h(32): error C2449: found '{' at file scope (missing function header?)
     1>c:\users\junkie\documents\github\racka3\src\host\plugins\effectlfo.h(66): error C2059: syntax error : '}'
     1>c:\users\junkie\documents\github\racka3\src\host\plugins\pluginvibe.h(31): fatal error C1083: Cannot open include file: 'Plugin.h': No such file or directory
         PluginStompBox.C
     1>c:\users\junkie\documents\github\racka3\src\host\plugins\global.h(137): warning C4305: 'initializing' : truncation from 'double' to 'const float'
     1>c:\users\junkie\documents\github\racka3\src\host\plugins\global.h(137): warning C4305: 'initializing' : truncation from 'double' to 'const float'
     1>c:\users\junkie\documents\github\racka3\src\host\plugins\global.h(137): warning C4305: 'initializing' : truncation from 'double' to 'const float'
     1>c:\users\junkie\documents\github\racka3\src\host\plugins\global.h(137): warning C4305: 'initializing' : truncation from 'double' to 'const float'
     1>c:\users\junkie\documents\github\racka3\src\host\plugins\global.h(137): warning C4305: 'initializing' : truncation from 'double' to 'const float'
     1>c:\users\junkie\documents\github\racka3\src\host\plugins\global.h(141): warning C4305: 'initializing' : truncation from 'double' to 'const float'
     1>c:\users\junkie\documents\github\racka3\src\host\plugins\global.h(141): warning C4305: 'initializing' : truncation from 'double' to 'const float'
     1>c:\users\junkie\documents\github\racka3\src\host\plugins\global.h(141): warning C4305: 'initializing' : truncation from 'double' to 'const float'
     1>c:\users\junkie\documents\github\racka3\src\host\plugins\global.h(143): error C2054: expected '(' to follow 'inline'
     1>c:\users\junkie\documents\github\racka3\src\host\plugins\global.h(144): error C2085: 'f_pow2' : not in formal parameter list
     1>c:\users\junkie\documents\github\racka3\src\host\plugins\global.h(144): error C2143: syntax error : missing ';' before '{'
     1>c:\users\junkie\documents\github\racka3\src\host\plugins\filter_.h(32): error C2061: syntax error : identifier 'Filter_'
     1>c:\users\junkie\documents\github\racka3\src\host\plugins\filter_.h(32): error C2059: syntax error : ';'
     1>c:\users\junkie\documents\github\racka3\src\host\plugins\filter_.h(33): error C2449: found '{' at file scope (missing function header?)
     1>c:\users\junkie\documents\github\racka3\src\host\plugins\filter_.h(43): error C2059: syntax error : '}'
     1>c:\users\junkie\documents\github\racka3\src\host\plugins\waveshaper.h(30): error C2061: syntax error : identifier 'Waveshaper'
     1>c:\users\junkie\documents\github\racka3\src\host\plugins\waveshaper.h(30): error C2059: syntax error : ';'
     1>c:\users\junkie\documents\github\racka3\src\host\plugins\waveshaper.h(31): error C2449: found '{' at file scope (missing function header?)
     1>c:\users\junkie\documents\github\racka3\src\host\plugins\waveshaper.h(62): error C2059: syntax error : '}'
     1>c:\users\junkie\documents\github\racka3\src\host\plugins\pluginstompbox.h(29): fatal error C1083: Cannot open include file: 'Plugin.h': No such file or directory
         PluginRing.C
     1>c:\users\junkie\documents\github\racka3\src\host\plugins\global.h(137): warning C4305: 'initializing' : truncation from 'double' to 'const float'
     1>c:\users\junkie\documents\github\racka3\src\host\plugins\global.h(137): warning C4305: 'initializing' : truncation from 'double' to 'const float'
     1>c:\users\junkie\documents\github\racka3\src\host\plugins\global.h(137): warning C4305: 'initializing' : truncation from 'double' to 'const float'
     1>c:\users\junkie\documents\github\racka3\src\host\plugins\global.h(137): warning C4305: 'initializing' : truncation from 'double' to 'const float'
     1>c:\users\junkie\documents\github\racka3\src\host\plugins\global.h(137): warning C4305: 'initializing' : truncation from 'double' to 'const float'
     1>c:\users\junkie\documents\github\racka3\src\host\plugins\global.h(141): warning C4305: 'initializing' : truncation from 'double' to 'const float'
     1>c:\users\junkie\documents\github\racka3\src\host\plugins\global.h(141): warning C4305: 'initializing' : truncation from 'double' to 'const float'
     1>c:\users\junkie\documents\github\racka3\src\host\plugins\global.h(141): warning C4305: 'initializing' : truncation from 'double' to 'const float'
     1>c:\users\junkie\documents\github\racka3\src\host\plugins\global.h(143): error C2054: expected '(' to follow 'inline'
     1>c:\users\junkie\documents\github\racka3\src\host\plugins\global.h(144): error C2085: 'f_pow2' : not in formal parameter list
     1>c:\users\junkie\documents\github\racka3\src\host\plugins\global.h(144): error C2143: syntax error : missing ';' before '{'
     1>c:\users\junkie\documents\github\racka3\src\host\plugin.h(12): fatal error C1083: Cannot open include file: 'cJSON.h': No such file or directory
         PluginRBEcho.C
     1>c:\users\junkie\documents\github\racka3\src\host\plugins\global.h(137): warning C4305: 'initializing' : truncation from 'double' to 'const float'
     1>c:\users\junkie\documents\github\racka3\src\host\plugins\global.h(137): warning C4305: 'initializing' : truncation from 'double' to 'const float'
     1>c:\users\junkie\documents\github\racka3\src\host\plugins\global.h(137): warning C4305: 'initializing' : truncation from 'double' to 'const float'
     1>c:\users\junkie\documents\github\racka3\src\host\plugins\global.h(137): warning C4305: 'initializing' : truncation from 'double' to 'const float'
     1>c:\users\junkie\documents\github\racka3\src\host\plugins\global.h(137): warning C4305: 'initializing' : truncation from 'double' to 'const float'
     1>c:\users\junkie\documents\github\racka3\src\host\plugins\global.h(141): warning C4305: 'initializing' : truncation from 'double' to 'const float'
     1>c:\users\junkie\documents\github\racka3\src\host\plugins\global.h(141): warning C4305: 'initializing' : truncation from 'double' to 'const float'
     1>c:\users\junkie\documents\github\racka3\src\host\plugins\global.h(141): warning C4305: 'initializing' : truncation from 'double' to 'const float'
     1>c:\users\junkie\documents\github\racka3\src\host\plugins\global.h(143): error C2054: expected '(' to follow 'inline'
     1>c:\users\junkie\documents\github\racka3\src\host\plugins\global.h(144): error C2085: 'f_pow2' : not in formal parameter list
     1>c:\users\junkie\documents\github\racka3\src\host\plugins\global.h(144): error C2143: syntax error : missing ';' before '{'
     1>c:\users\junkie\documents\github\racka3\src\host\plugins\delayline.h(29): error C2061: syntax error : identifier 'delayline'
     1>c:\users\junkie\documents\github\racka3\src\host\plugins\delayline.h(29): error C2059: syntax error : ';'
     1>c:\users\junkie\documents\github\racka3\src\host\plugins\delayline.h(30): error C2449: found '{' at file scope (missing function header?)
     1>c:\users\junkie\documents\github\racka3\src\host\plugins\delayline.h(96): error C2059: syntax error : '}'
     1>c:\users\junkie\documents\github\racka3\src\host\plugin.h(12): fatal error C1083: Cannot open include file: 'cJSON.h': No such file or directory
         PluginOpticalTrem.C
     1>c:\users\junkie\documents\github\racka3\src\host\plugins\global.h(137): warning C4305: 'initializing' : truncation from 'double' to 'const float'
     1>c:\users\junkie\documents\github\racka3\src\host\plugins\global.h(137): warning C4305: 'initializing' : truncation from 'double' to 'const float'
     1>c:\users\junkie\documents\github\racka3\src\host\plugins\global.h(137): warning C4305: 'initializing' : truncation from 'double' to 'const float'
     1>c:\users\junkie\documents\github\racka3\src\host\plugins\global.h(137): warning C4305: 'initializing' : truncation from 'double' to 'const float'
     1>c:\users\junkie\documents\github\racka3\src\host\plugins\global.h(137): warning C4305: 'initializing' : truncation from 'double' to 'const float'
     1>c:\users\junkie\documents\github\racka3\src\host\plugins\global.h(141): warning C4305: 'initializing' : truncation from 'double' to 'const float'
     1>c:\users\junkie\documents\github\racka3\src\host\plugins\global.h(141): warning C4305: 'initializing' : truncation from 'double' to 'const float'
     1>c:\users\junkie\documents\github\racka3\src\host\plugins\global.h(141): warning C4305: 'initializing' : truncation from 'double' to 'const float'
     1>c:\users\junkie\documents\github\racka3\src\host\plugins\global.h(143): error C2054: expected '(' to follow 'inline'
     1>c:\users\junkie\documents\github\racka3\src\host\plugins\global.h(144): error C2085: 'f_pow2' : not in formal parameter list
     1>c:\users\junkie\documents\github\racka3\src\host\plugins\global.h(144): error C2143: syntax error : missing ';' before '{'
     1>c:\users\junkie\documents\github\racka3\src\host\plugins\effectlfo.h(31): error C2061: syntax error : identifier 'EffectLFO'
     1>c:\users\junkie\documents\github\racka3\src\host\plugins\effectlfo.h(31): error C2059: syntax error : ';'
     1>c:\users\junkie\documents\github\racka3\src\host\plugins\effectlfo.h(32): error C2449: found '{' at file scope (missing function header?)
     1>c:\users\junkie\documents\github\racka3\src\host\plugins\effectlfo.h(66): error C2059: syntax error : '}'
     1>c:\users\junkie\documents\github\racka3\src\host\plugins\pluginopticaltrem.h(31): fatal error C1083: Cannot open include file: 'Plugin.h': No such file or directory
         PluginNoiseGate.C
     1>c:\users\junkie\documents\github\racka3\src\host\plugins\global.h(137): warning C4305: 'initializing' : truncation from 'double' to 'const float'
     1>c:\users\junkie\documents\github\racka3\src\host\plugins\global.h(137): warning C4305: 'initializing' : truncation from 'double' to 'const float'
     1>c:\users\junkie\documents\github\racka3\src\host\plugins\global.h(137): warning C4305: 'initializing' : truncation from 'double' to 'const float'
     1>c:\users\junkie\documents\github\racka3\src\host\plugins\global.h(137): warning C4305: 'initializing' : truncation from 'double' to 'const float'
     1>c:\users\junkie\documents\github\racka3\src\host\plugins\global.h(137): warning C4305: 'initializing' : truncation from 'double' to 'const float'
     1>c:\users\junkie\documents\github\racka3\src\host\plugins\global.h(141): warning C4305: 'initializing' : truncation from 'double' to 'const float'
     1>c:\users\junkie\documents\github\racka3\src\host\plugins\global.h(141): warning C4305: 'initializing' : truncation from 'double' to 'const float'
     1>c:\users\junkie\documents\github\racka3\src\host\plugins\global.h(141): warning C4305: 'initializing' : truncation from 'double' to 'const float'
     1>c:\users\junkie\documents\github\racka3\src\host\plugins\global.h(143): error C2054: expected '(' to follow 'inline'
     1>c:\users\junkie\documents\github\racka3\src\host\plugins\global.h(144): error C2085: 'f_pow2' : not in formal parameter list
     1>c:\users\junkie\documents\github\racka3\src\host\plugins\global.h(144): error C2143: syntax error : missing ';' before '{'
     1>c:\users\junkie\documents\github\racka3\src\host\plugins\filter_.h(32): error C2061: syntax error : identifier 'Filter_'
     1>c:\users\junkie\documents\github\racka3\src\host\plugins\filter_.h(32): error C2059: syntax error : ';'
     1>c:\users\junkie\documents\github\racka3\src\host\plugins\filter_.h(33): error C2449: found '{' at file scope (missing function header?)
     1>c:\users\junkie\documents\github\racka3\src\host\plugins\filter_.h(43): error C2059: syntax error : '}'
     1>c:\users\junkie\documents\github\racka3\src\host\plugin.h(12): fatal error C1083: Cannot open include file: 'cJSON.h': No such file or directory
         PluginCompressor.C
     1>c:\users\junkie\documents\github\racka3\src\host\plugins\global.h(137): warning C4305: 'initializing' : truncation from 'double' to 'const float'
     1>c:\users\junkie\documents\github\racka3\src\host\plugins\global.h(137): warning C4305: 'initializing' : truncation from 'double' to 'const float'
     1>c:\users\junkie\documents\github\racka3\src\host\plugins\global.h(137): warning C4305: 'initializing' : truncation from 'double' to 'const float'
     1>c:\users\junkie\documents\github\racka3\src\host\plugins\global.h(137): warning C4305: 'initializing' : truncation from 'double' to 'const float'
     1>c:\users\junkie\documents\github\racka3\src\host\plugins\global.h(137): warning C4305: 'initializing' : truncation from 'double' to 'const float'
     1>c:\users\junkie\documents\github\racka3\src\host\plugins\global.h(141): warning C4305: 'initializing' : truncation from 'double' to 'const float'
     1>c:\users\junkie\documents\github\racka3\src\host\plugins\global.h(141): warning C4305: 'initializing' : truncation from 'double' to 'const float'
     1>c:\users\junkie\documents\github\racka3\src\host\plugins\global.h(141): warning C4305: 'initializing' : truncation from 'double' to 'const float'
     1>c:\users\junkie\documents\github\racka3\src\host\plugins\global.h(143): error C2054: expected '(' to follow 'inline'
     1>c:\users\junkie\documents\github\racka3\src\host\plugins\global.h(144): error C2085: 'f_pow2' : not in formal parameter list
     1>c:\users\junkie\documents\github\racka3\src\host\plugins\global.h(144): error C2143: syntax error : missing ';' before '{'
     1>c:\users\junkie\documents\github\racka3\src\host\plugin.h(12): fatal error C1083: Cannot open include file: 'cJSON.h': No such file or directory
         PluginChorus.C
     1>c:\users\junkie\documents\github\racka3\src\host\plugins\global.h(137): warning C4305: 'initializing' : truncation from 'double' to 'const float'
     1>c:\users\junkie\documents\github\racka3\src\host\plugins\global.h(137): warning C4305: 'initializing' : truncation from 'double' to 'const float'
     1>c:\users\junkie\documents\github\racka3\src\host\plugins\global.h(137): warning C4305: 'initializing' : truncation from 'double' to 'const float'
     1>c:\users\junkie\documents\github\racka3\src\host\plugins\global.h(137): warning C4305: 'initializing' : truncation from 'double' to 'const float'
     1>c:\users\junkie\documents\github\racka3\src\host\plugins\global.h(137): warning C4305: 'initializing' : truncation from 'double' to 'const float'
     1>c:\users\junkie\documents\github\racka3\src\host\plugins\global.h(141): warning C4305: 'initializing' : truncation from 'double' to 'const float'
     1>c:\users\junkie\documents\github\racka3\src\host\plugins\global.h(141): warning C4305: 'initializing' : truncation from 'double' to 'const float'
     1>c:\users\junkie\documents\github\racka3\src\host\plugins\global.h(141): warning C4305: 'initializing' : truncation from 'double' to 'const float'
     1>c:\users\junkie\documents\github\racka3\src\host\plugins\global.h(143): error C2054: expected '(' to follow 'inline'
     1>c:\users\junkie\documents\github\racka3\src\host\plugins\global.h(144): error C2085: 'f_pow2' : not in formal parameter list
     1>c:\users\junkie\documents\github\racka3\src\host\plugins\global.h(144): error C2143: syntax error : missing ';' before '{'
     1>c:\users\junkie\documents\github\racka3\src\host\plugins\effectlfo.h(31): error C2061: syntax error : identifier 'EffectLFO'
     1>c:\users\junkie\documents\github\racka3\src\host\plugins\effectlfo.h(31): error C2059: syntax error : ';'
     1>c:\users\junkie\documents\github\racka3\src\host\plugins\effectlfo.h(32): error C2449: found '{' at file scope (missing function header?)
     1>c:\users\junkie\documents\github\racka3\src\host\plugins\effectlfo.h(66): error C2059: syntax error : '}'
     1>c:\users\junkie\documents\github\racka3\src\host\plugin.h(12): fatal error C1083: Cannot open include file: 'cJSON.h': No such file or directory
         FormantFilter.C
     1>c:\users\junkie\documents\github\racka3\src\host\plugins\global.h(137): warning C4305: 'initializing' : truncation from 'double' to 'const float'
     1>c:\users\junkie\documents\github\racka3\src\host\plugins\global.h(137): warning C4305: 'initializing' : truncation from 'double' to 'const float'
     1>c:\users\junkie\documents\github\racka3\src\host\plugins\global.h(137): warning C4305: 'initializing' : truncation from 'double' to 'const float'
     1>c:\users\junkie\documents\github\racka3\src\host\plugins\global.h(137): warning C4305: 'initializing' : truncation from 'double' to 'const float'
     1>c:\users\junkie\documents\github\racka3\src\host\plugins\global.h(137): warning C4305: 'initializing' : truncation from 'double' to 'const float'
     1>c:\users\junkie\documents\github\racka3\src\host\plugins\global.h(141): warning C4305: 'initializing' : truncation from 'double' to 'const float'
     1>c:\users\junkie\documents\github\racka3\src\host\plugins\global.h(141): warning C4305: 'initializing' : truncation from 'double' to 'const float'
     1>c:\users\junkie\documents\github\racka3\src\host\plugins\global.h(141): warning C4305: 'initializing' : truncation from 'double' to 'const float'
     1>c:\users\junkie\documents\github\racka3\src\host\plugins\global.h(143): error C2054: expected '(' to follow 'inline'
     1>c:\users\junkie\documents\github\racka3\src\host\plugins\global.h(144): error C2085: 'f_pow2' : not in formal parameter list
     1>c:\users\junkie\documents\github\racka3\src\host\plugins\global.h(144): error C2143: syntax error : missing ';' before '{'
     1>c:\users\junkie\documents\github\racka3\src\host\plugins\filter_.h(32): error C2061: syntax error : identifier 'Filter_'
     1>c:\users\junkie\documents\github\racka3\src\host\plugins\filter_.h(32): error C2059: syntax error : ';'
     1>c:\users\junkie\documents\github\racka3\src\host\plugins\filter_.h(33): error C2449: found '{' at file scope (missing function header?)
     1>c:\users\junkie\documents\github\racka3\src\host\plugins\filter_.h(43): error C2059: syntax error : '}'
     1>c:\users\junkie\documents\github\racka3\src\host\plugins\filterparams.h(32): error C2061: syntax error : identifier 'FilterParams'
     1>c:\users\junkie\documents\github\racka3\src\host\plugins\filterparams.h(32): error C2059: syntax error : ';'
     1>c:\users\junkie\documents\github\racka3\src\host\plugins\filterparams.h(33): error C2449: found '{' at file scope (missing function header?)
     1>c:\users\junkie\documents\github\racka3\src\host\plugins\filterparams.h(98): error C2059: syntax error : '}'
     1>c:\users\junkie\documents\github\racka3\src\host\plugins\formantfilter.c(29): error C2143: syntax error : missing '{' before ':'
     1>c:\users\junkie\documents\github\racka3\src\host\plugins\formantfilter.c(29): error C2059: syntax error : ':'
     1>c:\users\junkie\documents\github\racka3\src\host\plugins\formantfilter.c(77): error C2143: syntax error : missing '{' before ':'
     1>c:\users\junkie\documents\github\racka3\src\host\plugins\formantfilter.c(77): error C2059: syntax error : ':'
     1>c:\users\junkie\documents\github\racka3\src\host\plugins\formantfilter.c(89): error C2143: syntax error : missing '{' before ':'
     1>c:\users\junkie\documents\github\racka3\src\host\plugins\formantfilter.c(89): error C2059: syntax error : ':'
     1>c:\users\junkie\documents\github\racka3\src\host\plugins\formantfilter.c(96): error C2143: syntax error : missing '{' before ':'
     1>c:\users\junkie\documents\github\racka3\src\host\plugins\formantfilter.c(96): error C2059: syntax error : ':'
     1>c:\users\junkie\documents\github\racka3\src\host\plugins\formantfilter.c(119): error C2059: syntax error : 'bad suffix on number'
     1>c:\users\junkie\documents\github\racka3\src\host\plugins\formantfilter.c(176): error C2143: syntax error : missing '{' before ':'
     1>c:\users\junkie\documents\github\racka3\src\host\plugins\formantfilter.c(176): error C2059: syntax error : ':'
     1>c:\users\junkie\documents\github\racka3\src\host\plugins\formantfilter.c(182): error C2143: syntax error : missing '{' before ':'
     1>c:\users\junkie\documents\github\racka3\src\host\plugins\formantfilter.c(182): error C2059: syntax error : ':'
     1>c:\users\junkie\documents\github\racka3\src\host\plugins\formantfilter.c(190): error C2143: syntax error : missing '{' before ':'
     1>c:\users\junkie\documents\github\racka3\src\host\plugins\formantfilter.c(190): error C2059: syntax error : ':'
     1>c:\users\junkie\documents\github\racka3\src\host\plugins\formantfilter.c(198): error C2143: syntax error : missing '{' before ':'
     1>c:\users\junkie\documents\github\racka3\src\host\plugins\formantfilter.c(198): error C2059: syntax error : ':'
         FilterParams.C
     1>c:\users\junkie\documents\github\racka3\src\host\plugins\global.h(137): warning C4305: 'initializing' : truncation from 'double' to 'const float'
     1>c:\users\junkie\documents\github\racka3\src\host\plugins\global.h(137): warning C4305: 'initializing' : truncation from 'double' to 'const float'
     1>c:\users\junkie\documents\github\racka3\src\host\plugins\global.h(137): warning C4305: 'initializing' : truncation from 'double' to 'const float'
     1>c:\users\junkie\documents\github\racka3\src\host\plugins\global.h(137): warning C4305: 'initializing' : truncation from 'double' to 'const float'
     1>c:\users\junkie\documents\github\racka3\src\host\plugins\global.h(137): warning C4305: 'initializing' : truncation from 'double' to 'const float'
     1>c:\users\junkie\documents\github\racka3\src\host\plugins\global.h(141): warning C4305: 'initializing' : truncation from 'double' to 'const float'
     1>c:\users\junkie\documents\github\racka3\src\host\plugins\global.h(141): warning C4305: 'initializing' : truncation from 'double' to 'const float'
     1>c:\users\junkie\documents\github\racka3\src\host\plugins\global.h(141): warning C4305: 'initializing' : truncation from 'double' to 'const float'
     1>c:\users\junkie\documents\github\racka3\src\host\plugins\global.h(143): error C2054: expected '(' to follow 'inline'
     1>c:\users\junkie\documents\github\racka3\src\host\plugins\global.h(144): error C2085: 'f_pow2' : not in formal parameter list
     1>c:\users\junkie\documents\github\racka3\src\host\plugins\global.h(144): error C2143: syntax error : missing ';' before '{'
     1>c:\users\junkie\documents\github\racka3\src\host\plugins\filterparams.h(32): error C2061: syntax error : identifier 'FilterParams'
     1>c:\users\junkie\documents\github\racka3\src\host\plugins\filterparams.h(32): error C2059: syntax error : ';'
     1>c:\users\junkie\documents\github\racka3\src\host\plugins\filterparams.h(33): error C2449: found '{' at file scope (missing function header?)
     1>c:\users\junkie\documents\github\racka3\src\host\plugins\filterparams.h(98): error C2059: syntax error : '}'
     1>c:\users\junkie\documents\github\racka3\src\host\plugins\filterparams.c(44): error C2143: syntax error : missing '{' before ':'
     1>c:\users\junkie\documents\github\racka3\src\host\plugins\filterparams.c(44): error C2059: syntax error : ':'
     1>c:\users\junkie\documents\github\racka3\src\host\plugins\filterparams.c(50): error C2143: syntax error : missing '{' before ':'
     1>c:\users\junkie\documents\github\racka3\src\host\plugins\filterparams.c(50): error C2059: syntax error : ':'
     1>c:\users\junkie\documents\github\racka3\src\host\plugins\filterparams.c(79): error C2143: syntax error : missing '{' before ':'
     1>c:\users\junkie\documents\github\racka3\src\host\plugins\filterparams.c(79): error C2059: syntax error : ':'
     1>c:\users\junkie\documents\github\racka3\src\host\plugins\filterparams.c(95): error C2143: syntax error : missing '{' before ':'
     1>c:\users\junkie\documents\github\racka3\src\host\plugins\filterparams.c(95): error C2059: syntax error : ':'
     1>c:\users\junkie\documents\github\racka3\src\host\plugins\filterparams.c(136): error C2143: syntax error : missing '{' before ':'
     1>c:\users\junkie\documents\github\racka3\src\host\plugins\filterparams.c(136): error C2059: syntax error : ':'
     1>c:\users\junkie\documents\github\racka3\src\host\plugins\filterparams.c(141): error C2143: syntax error : missing '{' before ':'
     1>c:\users\junkie\documents\github\racka3\src\host\plugins\filterparams.c(141): error C2059: syntax error : ':'
     1>c:\users\junkie\documents\github\racka3\src\host\plugins\filterparams.c(146): error C2143: syntax error : missing '{' before ':'
     1>c:\users\junkie\documents\github\racka3\src\host\plugins\filterparams.c(146): error C2059: syntax error : ':'
     1>c:\users\junkie\documents\github\racka3\src\host\plugins\filterparams.c(151): error C2143: syntax error : missing '{' before ':'
     1>c:\users\junkie\documents\github\racka3\src\host\plugins\filterparams.c(151): error C2059: syntax error : ':'
     1>c:\users\junkie\documents\github\racka3\src\host\plugins\filterparams.c(159): error C2143: syntax error : missing '{' before ':'
     1>c:\users\junkie\documents\github\racka3\src\host\plugins\filterparams.c(159): error C2059: syntax error : ':'
     1>c:\users\junkie\documents\github\racka3\src\host\plugins\filterparams.c(167): error C2143: syntax error : missing '{' before ':'
     1>c:\users\junkie\documents\github\racka3\src\host\plugins\filterparams.c(167): error C2059: syntax error : ':'
     1>c:\users\junkie\documents\github\racka3\src\host\plugins\filterparams.c(175): error C2143: syntax error : missing '{' before ':'
     1>c:\users\junkie\documents\github\racka3\src\host\plugins\filterparams.c(175): error C2059: syntax error : ':'
     1>c:\users\junkie\documents\github\racka3\src\host\plugins\filterparams.c(187): error C2143: syntax error : missing '{' before ':'
     1>c:\users\junkie\documents\github\racka3\src\host\plugins\filterparams.c(187): error C2059: syntax error : ':'
     1>c:\users\junkie\documents\github\racka3\src\host\plugins\filterparams.c(198): error C2143: syntax error : missing '{' before ':'
     1>c:\users\junkie\documents\github\racka3\src\host\plugins\filterparams.c(198): error C2059: syntax error : ':'
     1>c:\users\junkie\documents\github\racka3\src\host\plugins\filterparams.c(271): error C2143: syntax error : missing '{' before ':'
     1>c:\users\junkie\documents\github\racka3\src\host\plugins\filterparams.c(271): error C2059: syntax error : ':'
     1>c:\users\junkie\documents\github\racka3\src\host\plugins\filterparams.c(278): error C2143: syntax error : missing '{' before ':'
     1>c:\users\junkie\documents\github\racka3\src\host\plugins\filterparams.c(278): error C2059: syntax error : ':'
     1>c:\users\junkie\documents\github\racka3\src\host\plugins\filterparams.c(285): error C2143: syntax error : missing '{' before ':'
     1>c:\users\junkie\documents\github\racka3\src\host\plugins\filterparams.c(285): error C2059: syntax error : ':'
         Filter.C
     1>c:\users\junkie\documents\github\racka3\src\host\plugins\global.h(137): warning C4305: 'initializing' : truncation from 'double' to 'const float'
     1>c:\users\junkie\documents\github\racka3\src\host\plugins\global.h(137): warning C4305: 'initializing' : truncation from 'double' to 'const float'
     1>c:\users\junkie\documents\github\racka3\src\host\plugins\global.h(137): warning C4305: 'initializing' : truncation from 'double' to 'const float'
     1>c:\users\junkie\documents\github\racka3\src\host\plugins\global.h(137): warning C4305: 'initializing' : truncation from 'double' to 'const float'
     1>c:\users\junkie\documents\github\racka3\src\host\plugins\global.h(137): warning C4305: 'initializing' : truncation from 'double' to 'const float'
     1>c:\users\junkie\documents\github\racka3\src\host\plugins\global.h(141): warning C4305: 'initializing' : truncation from 'double' to 'const float'
     1>c:\users\junkie\documents\github\racka3\src\host\plugins\global.h(141): warning C4305: 'initializing' : truncation from 'double' to 'const float'
     1>c:\users\junkie\documents\github\racka3\src\host\plugins\global.h(141): warning C4305: 'initializing' : truncation from 'double' to 'const float'
     1>c:\users\junkie\documents\github\racka3\src\host\plugins\global.h(143): error C2054: expected '(' to follow 'inline'
     1>c:\users\junkie\documents\github\racka3\src\host\plugins\global.h(144): error C2085: 'f_pow2' : not in formal parameter list
     1>c:\users\junkie\documents\github\racka3\src\host\plugins\global.h(144): error C2143: syntax error : missing ';' before '{'
     1>c:\users\junkie\documents\github\racka3\src\host\plugins\filter_.h(32): error C2061: syntax error : identifier 'Filter_'
     1>c:\users\junkie\documents\github\racka3\src\host\plugins\filter_.h(32): error C2059: syntax error : ';'
     1>c:\users\junkie\documents\github\racka3\src\host\plugins\filter_.h(33): error C2449: found '{' at file scope (missing function header?)
     1>c:\users\junkie\documents\github\racka3\src\host\plugins\filter_.h(43): error C2059: syntax error : '}'
     1>c:\users\junkie\documents\github\racka3\src\host\plugins\filterparams.h(32): error C2061: syntax error : identifier 'FilterParams'
     1>c:\users\junkie\documents\github\racka3\src\host\plugins\filterparams.h(32): error C2059: syntax error : ';'
     1>c:\users\junkie\documents\github\racka3\src\host\plugins\filterparams.h(33): error C2449: found '{' at file scope (missing function header?)
     1>c:\users\junkie\documents\github\racka3\src\host\plugins\filterparams.h(98): error C2059: syntax error : '}'
     1>c:\users\junkie\documents\github\racka3\src\host\plugins\svfilter.h(30): error C2061: syntax error : identifier 'SVFilter'
     1>c:\users\junkie\documents\github\racka3\src\host\plugins\svfilter.h(30): error C2059: syntax error : ';'
     1>c:\users\junkie\documents\github\racka3\src\host\plugins\svfilter.h(30): error C2059: syntax error : ':'
     1>c:\users\junkie\documents\github\racka3\src\host\plugins\filter.h(36): error C2061: syntax error : identifier 'Filter'
     1>c:\users\junkie\documents\github\racka3\src\host\plugins\filter.h(36): error C2059: syntax error : ';'
     1>c:\users\junkie\documents\github\racka3\src\host\plugins\filter.h(37): error C2449: found '{' at file scope (missing function header?)
     1>c:\users\junkie\documents\github\racka3\src\host\plugins\filter.h(51): error C2059: syntax error : '}'
     1>c:\users\junkie\documents\github\racka3\src\host\plugins\filter.c(55): error C2143: syntax error : missing '{' before ':'
     1>c:\users\junkie\documents\github\racka3\src\host\plugins\filter.c(55): error C2059: syntax error : ':'
     1>c:\users\junkie\documents\github\racka3\src\host\plugins\filter.c(60): error C2143: syntax error : missing '{' before ':'
     1>c:\users\junkie\documents\github\racka3\src\host\plugins\filter.c(60): error C2059: syntax error : ':'
     1>c:\users\junkie\documents\github\racka3\src\host\plugins\filter.c(66): error C2143: syntax error : missing '{' before ':'
     1>c:\users\junkie\documents\github\racka3\src\host\plugins\filter.c(66): error C2059: syntax error : ':'
     1>c:\users\junkie\documents\github\racka3\src\host\plugins\filter.c(72): error C2143: syntax error : missing '{' before ':'
     1>c:\users\junkie\documents\github\racka3\src\host\plugins\filter.c(72): error C2059: syntax error : ':'
     1>c:\users\junkie\documents\github\racka3\src\host\plugins\filter.c(78): error C2143: syntax error : missing '{' before ':'
     1>c:\users\junkie\documents\github\racka3\src\host\plugins\filter.c(78): error C2059: syntax error : ':'
     1>c:\users\junkie\documents\github\racka3\src\host\plugins\filter.c(83): error C2143: syntax error : missing '{' before ':'
     1>c:\users\junkie\documents\github\racka3\src\host\plugins\filter.c(83): error C2059: syntax error : ':'
         EffectLFO.C
     1>c:\users\junkie\documents\github\racka3\src\host\plugins\global.h(137): warning C4305: 'initializing' : truncation from 'double' to 'const float'
     1>c:\users\junkie\documents\github\racka3\src\host\plugins\global.h(137): warning C4305: 'initializing' : truncation from 'double' to 'const float'
     1>c:\users\junkie\documents\github\racka3\src\host\plugins\global.h(137): warning C4305: 'initializing' : truncation from 'double' to 'const float'
     1>c:\users\junkie\documents\github\racka3\src\host\plugins\global.h(137): warning C4305: 'initializing' : truncation from 'double' to 'const float'
     1>c:\users\junkie\documents\github\racka3\src\host\plugins\global.h(137): warning C4305: 'initializing' : truncation from 'double' to 'const float'
     1>c:\users\junkie\documents\github\racka3\src\host\plugins\global.h(141): warning C4305: 'initializing' : truncation from 'double' to 'const float'
     1>c:\users\junkie\documents\github\racka3\src\host\plugins\global.h(141): warning C4305: 'initializing' : truncation from 'double' to 'const float'
     1>c:\users\junkie\documents\github\racka3\src\host\plugins\global.h(141): warning C4305: 'initializing' : truncation from 'double' to 'const float'
     1>c:\users\junkie\documents\github\racka3\src\host\plugins\global.h(143): error C2054: expected '(' to follow 'inline'
     1>c:\users\junkie\documents\github\racka3\src\host\plugins\global.h(144): error C2085: 'f_pow2' : not in formal parameter list
     1>c:\users\junkie\documents\github\racka3\src\host\plugins\global.h(144): error C2143: syntax error : missing ';' before '{'
     1>c:\users\junkie\documents\github\racka3\src\host\plugins\effectlfo.h(31): error C2061: syntax error : identifier 'EffectLFO'
     1>c:\users\junkie\documents\github\racka3\src\host\plugins\effectlfo.h(31): error C2059: syntax error : ';'
     1>c:\users\junkie\documents\github\racka3\src\host\plugins\effectlfo.h(32): error C2449: found '{' at file scope (missing function header?)
     1>c:\users\junkie\documents\github\racka3\src\host\plugins\effectlfo.h(66): error C2059: syntax error : '}'
     1>c:\users\junkie\documents\github\racka3\src\host\plugins\f_sin.h(21): error C2054: expected '(' to follow 'inline'
     1>c:\users\junkie\documents\github\racka3\src\host\plugins\f_sin.h(22): error C2085: 'f_sin' : not in formal parameter list
     1>c:\users\junkie\documents\github\racka3\src\host\plugins\f_sin.h(22): error C2143: syntax error : missing ';' before '{'
     1>c:\users\junkie\documents\github\racka3\src\host\plugins\f_sin.h(47): error C2054: expected '(' to follow 'inline'
     1>c:\users\junkie\documents\github\racka3\src\host\plugins\f_sin.h(48): error C2085: 'f_cos' : not in formal parameter list
     1>c:\users\junkie\documents\github\racka3\src\host\plugins\f_sin.h(48): error C2143: syntax error : missing ';' before '{'
     1>c:\users\junkie\documents\github\racka3\src\host\plugins\effectlfo.c(34): error C2143: syntax error : missing '{' before ':'
     1>c:\users\junkie\documents\github\racka3\src\host\plugins\effectlfo.c(34): error C2059: syntax error : ':'
     1>c:\users\junkie\documents\github\racka3\src\host\plugins\effectlfo.c(64): error C2143: syntax error : missing '{' before ':'
     1>c:\users\junkie\documents\github\racka3\src\host\plugins\effectlfo.c(64): error C2059: syntax error : ':'
     1>c:\users\junkie\documents\github\racka3\src\host\plugins\effectlfo.c(73): error C2143: syntax error : missing '{' before ':'
     1>c:\users\junkie\documents\github\racka3\src\host\plugins\effectlfo.c(73): error C2059: syntax error : ':'
     1>c:\users\junkie\documents\github\racka3\src\host\plugins\effectlfo.c(115): error C2143: syntax error : missing '{' before ':'
     1>c:\users\junkie\documents\github\racka3\src\host\plugins\effectlfo.c(115): error C2059: syntax error : ':'
     1>c:\users\junkie\documents\github\racka3\src\host\plugins\effectlfo.c(218): error C2143: syntax error : missing '{' before ':'
     1>c:\users\junkie\documents\github\racka3\src\host\plugins\effectlfo.c(218): error C2059: syntax error : ':'
         AnalogFilter.C
     1>c:\users\junkie\documents\github\racka3\src\host\plugins\global.h(137): warning C4305: 'initializing' : truncation from 'double' to 'const float'
     1>c:\users\junkie\documents\github\racka3\src\host\plugins\global.h(137): warning C4305: 'initializing' : truncation from 'double' to 'const float'
     1>c:\users\junkie\documents\github\racka3\src\host\plugins\global.h(137): warning C4305: 'initializing' : truncation from 'double' to 'const float'
     1>c:\users\junkie\documents\github\racka3\src\host\plugins\global.h(137): warning C4305: 'initializing' : truncation from 'double' to 'const float'
     1>c:\users\junkie\documents\github\racka3\src\host\plugins\global.h(137): warning C4305: 'initializing' : truncation from 'double' to 'const float'
     1>c:\users\junkie\documents\github\racka3\src\host\plugins\global.h(141): warning C4305: 'initializing' : truncation from 'double' to 'const float'
     1>c:\users\junkie\documents\github\racka3\src\host\plugins\global.h(141): warning C4305: 'initializing' : truncation from 'double' to 'const float'
     1>c:\users\junkie\documents\github\racka3\src\host\plugins\global.h(141): warning C4305: 'initializing' : truncation from 'double' to 'const float'
     1>c:\users\junkie\documents\github\racka3\src\host\plugins\global.h(143): error C2054: expected '(' to follow 'inline'
     1>c:\users\junkie\documents\github\racka3\src\host\plugins\global.h(144): error C2085: 'f_pow2' : not in formal parameter list
     1>c:\users\junkie\documents\github\racka3\src\host\plugins\global.h(144): error C2143: syntax error : missing ';' before '{'
     1>c:\users\junkie\documents\github\racka3\src\host\plugins\filter_.h(32): error C2061: syntax error : identifier 'Filter_'
     1>c:\users\junkie\documents\github\racka3\src\host\plugins\filter_.h(32): error C2059: syntax error : ';'
     1>c:\users\junkie\documents\github\racka3\src\host\plugins\filter_.h(33): error C2449: found '{' at file scope (missing function header?)
     1>c:\users\junkie\documents\github\racka3\src\host\plugins\filter_.h(43): error C2059: syntax error : '}'
     1>c:\users\junkie\documents\github\racka3\src\host\plugins\analogfilter.c(30): error C2143: syntax error : missing '{' before ':'
     1>c:\users\junkie\documents\github\racka3\src\host\plugins\analogfilter.c(30): error C2059: syntax error : ':'
     1>c:\users\junkie\documents\github\racka3\src\host\plugins\analogfilter.c(63): error C2143: syntax error : missing '{' before ':'
     1>c:\users\junkie\documents\github\racka3\src\host\plugins\analogfilter.c(63): error C2059: syntax error : ':'
     1>c:\users\junkie\documents\github\racka3\src\host\plugins\analogfilter.c(68): error C2143: syntax error : missing '{' before ':'
     1>c:\users\junkie\documents\github\racka3\src\host\plugins\analogfilter.c(68): error C2059: syntax error : ':'
     1>c:\users\junkie\documents\github\racka3\src\host\plugins\analogfilter.c(84): error C2143: syntax error : missing '{' before ':'
     1>c:\users\junkie\documents\github\racka3\src\host\plugins\analogfilter.c(84): error C2059: syntax error : ':'
     1>c:\users\junkie\documents\github\racka3\src\host\plugins\analogfilter.c(314): error C2143: syntax error : missing '{' before ':'
     1>c:\users\junkie\documents\github\racka3\src\host\plugins\analogfilter.c(314): error C2059: syntax error : ':'
     1>c:\users\junkie\documents\github\racka3\src\host\plugins\analogfilter.c(349): error C2143: syntax error : missing '{' before ':'
     1>c:\users\junkie\documents\github\racka3\src\host\plugins\analogfilter.c(349): error C2059: syntax error : ':'
     1>c:\users\junkie\documents\github\racka3\src\host\plugins\analogfilter.c(360): error C2143: syntax error : missing '{' before ':'
     1>c:\users\junkie\documents\github\racka3\src\host\plugins\analogfilter.c(360): error C2059: syntax error : ':'
     1>c:\users\junkie\documents\github\racka3\src\host\plugins\analogfilter.c(367): error C2143: syntax error : missing '{' before ':'
     1>c:\users\junkie\documents\github\racka3\src\host\plugins\analogfilter.c(367): error C2059: syntax error : ':'
     1>c:\users\junkie\documents\github\racka3\src\host\plugins\analogfilter.c(374): error C2143: syntax error : missing '{' before ':'
     1>c:\users\junkie\documents\github\racka3\src\host\plugins\analogfilter.c(374): error C2059: syntax error : ':'
     1>c:\users\junkie\documents\github\racka3\src\host\plugins\analogfilter.c(381): error C2143: syntax error : missing '{' before ':'
     1>c:\users\junkie\documents\github\racka3\src\host\plugins\analogfilter.c(381): error C2059: syntax error : ':'
     1>c:\users\junkie\documents\github\racka3\src\host\plugins\analogfilter.c(388): error C2143: syntax error : missing '{' before ':'
     1>c:\users\junkie\documents\github\racka3\src\host\plugins\analogfilter.c(388): error C2059: syntax error : ':'
     1>c:\users\junkie\documents\github\racka3\src\host\plugins\analogfilter.c(398): error C2143: syntax error : missing '{' before ':'
     1>c:\users\junkie\documents\github\racka3\src\host\plugins\analogfilter.c(398): error C2059: syntax error : ':'
     1>c:\users\junkie\documents\github\racka3\src\host\plugins\analogfilter.c(431): error C2143: syntax error : missing '{' before ':'
     1>c:\users\junkie\documents\github\racka3\src\host\plugins\analogfilter.c(431): error C2059: syntax error : ':'
     1>c:\users\junkie\documents\github\racka3\src\host\plugins\analogfilter.c(459): error C2143: syntax error : missing '{' before ':'
     1>c:\users\junkie\documents\github\racka3\src\host\plugins\analogfilter.c(459): error C2059: syntax error : ':'
     1>c:\users\junkie\documents\github\racka3\src\host\plugins\analogfilter.c(477): error C2143: syntax error : missing '{' before ':'
     1>c:\users\junkie\documents\github\racka3\src\host\plugins\analogfilter.c(477): error C2059: syntax error : ':'
     1>c:\users\junkie\documents\github\racka3\src\host\plugins\analogfilter.c(513): error C2143: syntax error : missing '{' before ':'
     1>c:\users\junkie\documents\github\racka3\src\host\plugins\analogfilter.c(513): error C2059: syntax error : ':'
     1>c:\users\junkie\documents\github\racka3\src\host\plugins\analogfilter.c(530): error C2143: syntax error : missing '{' before ':'
     1>c:\users\junkie\documents\github\racka3\src\host\plugins\analogfilter.c(530): error C2059: syntax error : ':'
         Generating Code...
     1>Done Building Project "C:\Users\junkie\Documents\GitHub\racka3\windows\wracka3\wracka3.vcxproj" (build target(s)) -- FAILED.

Build FAILED.

Time Elapsed 00:00:00.47
